[debug] [2023-07-08T18:59:21.496Z] ----------------------------------------------------------------------
[debug] [2023-07-08T18:59:21.498Z] Command:       C:\Program Files\nodejs\node.exe C:\Users\luczz\AppData\Roaming\npm\node_modules\firebase-tools\lib\bin\firebase.js init
[debug] [2023-07-08T18:59:21.499Z] CLI Version:   12.4.3
[debug] [2023-07-08T18:59:21.499Z] Platform:      win32
[debug] [2023-07-08T18:59:21.499Z] Node Version:  v16.17.0
[debug] [2023-07-08T18:59:21.500Z] Time:          Sat Jul 08 2023 15:59:21 GMT-0300 (Horário Padrão de Brasília)
[debug] [2023-07-08T18:59:21.500Z] ----------------------------------------------------------------------
[debug] 
[debug] [2023-07-08T18:59:21.508Z] > command requires scopes: ["email","openid","https://www.googleapis.com/auth/cloudplatformprojects.readonly","https://www.googleapis.com/auth/firebase","https://www.googleapis.com/auth/cloud-platform"]
[debug] [2023-07-08T18:59:21.508Z] > authorizing via signed-in user (luizcomparin18@gmail.com)
[info] 
     ######## #### ########  ######## ########     ###     ######  ########
     ##        ##  ##     ## ##       ##     ##  ##   ##  ##       ##
     ######    ##  ########  ######   ########  #########  ######  ######
     ##        ##  ##    ##  ##       ##     ## ##     ##       ## ##
     ##       #### ##     ## ######## ########  ##     ##  ######  ########

You're about to initialize a Firebase project in this directory:

  H:\CODE_STUFF\Projetos\luiz-dev-portfolio-svelte

[info] 
=== Project Setup
[info] 
[info] First, let's associate this project directory with a Firebase project.
[info] You can create multiple project aliases by running firebase use --add, 
[info] but for now we'll just set up a default project.
[info] 
[info] i  If you want to create a project in a Google Cloud organization or folder, please use "firebase projects:create" instead, and return to this command when you've created the project. 
[debug] [2023-07-08T19:00:53.619Z] >>> [apiv2][query] POST https://cloudresourcemanager.googleapis.com/v1/projects [none]
[debug] [2023-07-08T19:00:53.620Z] >>> [apiv2][body] POST https://cloudresourcemanager.googleapis.com/v1/projects {"projectId":"luiz-dev-portfolio-svelte","name":"Luiz Dev Portfolio"}
[debug] [2023-07-08T19:00:54.851Z] <<< [apiv2][status] POST https://cloudresourcemanager.googleapis.com/v1/projects 200
[debug] [2023-07-08T19:00:54.851Z] <<< [apiv2][body] POST https://cloudresourcemanager.googleapis.com/v1/projects {"name":"operations/cp.7623541495003652715"}
[debug] [2023-07-08T19:00:54.854Z] >>> [apiv2][query] GET https://cloudresourcemanager.googleapis.com/v1/operations/cp.7623541495003652715 [none]
[debug] [2023-07-08T19:00:55.913Z] <<< [apiv2][status] GET https://cloudresourcemanager.googleapis.com/v1/operations/cp.7623541495003652715 200
[debug] [2023-07-08T19:00:55.914Z] <<< [apiv2][body] GET https://cloudresourcemanager.googleapis.com/v1/operations/cp.7623541495003652715 {"name":"operations/cp.7623541495003652715"}
[debug] [2023-07-08T19:00:56.424Z] [Project Creation Poller] Retrying task index 0
[debug] [2023-07-08T19:00:56.424Z] >>> [apiv2][query] GET https://cloudresourcemanager.googleapis.com/v1/operations/cp.7623541495003652715 [none]
[debug] [2023-07-08T19:00:57.487Z] <<< [apiv2][status] GET https://cloudresourcemanager.googleapis.com/v1/operations/cp.7623541495003652715 200
[debug] [2023-07-08T19:00:57.487Z] <<< [apiv2][body] GET https://cloudresourcemanager.googleapis.com/v1/operations/cp.7623541495003652715 {"name":"operations/cp.7623541495003652715","metadata":{"@type":"type.googleapis.com/google.cloudresourcemanager.v1.ProjectCreationStatus","gettable":true}}
[debug] [2023-07-08T19:00:58.495Z] [Project Creation Poller] Retrying task index 0
[debug] [2023-07-08T19:00:58.497Z] >>> [apiv2][query] GET https://cloudresourcemanager.googleapis.com/v1/operations/cp.7623541495003652715 [none]
[debug] [2023-07-08T19:00:59.541Z] <<< [apiv2][status] GET https://cloudresourcemanager.googleapis.com/v1/operations/cp.7623541495003652715 200
[debug] [2023-07-08T19:00:59.542Z] <<< [apiv2][body] GET https://cloudresourcemanager.googleapis.com/v1/operations/cp.7623541495003652715 {"name":"operations/cp.7623541495003652715","metadata":{"@type":"type.googleapis.com/google.cloudresourcemanager.v1.ProjectCreationStatus","gettable":true,"ready":true},"done":true,"response":{"@type":"type.googleapis.com/google.cloudresourcemanager.v1.Project","projectNumber":"298747805831","projectId":"luiz-dev-portfolio-svelte","lifecycleState":"ACTIVE","name":"Luiz Dev Portfolio","createTime":"2023-07-08T19:00:56.123Z"}}
[debug] [2023-07-08T19:00:59.543Z] >>> [apiv2][query] POST https://firebase.googleapis.com/v1beta1/projects/luiz-dev-portfolio-svelte:addFirebase [none]
[debug] [2023-07-08T19:01:02.406Z] <<< [apiv2][status] POST https://firebase.googleapis.com/v1beta1/projects/luiz-dev-portfolio-svelte:addFirebase 200
[debug] [2023-07-08T19:01:02.406Z] <<< [apiv2][body] POST https://firebase.googleapis.com/v1beta1/projects/luiz-dev-portfolio-svelte:addFirebase {"name":"operations/workflows/MGY2YmRlZGUtM2EzOS00MzEzLWE5OWUtNzhkYzMzOTMwZGI0"}
[debug] [2023-07-08T19:01:02.407Z] >>> [apiv2][query] GET https://firebase.googleapis.com/v1beta1/operations/workflows/MGY2YmRlZGUtM2EzOS00MzEzLWE5OWUtNzhkYzMzOTMwZGI0 [none]
[debug] [2023-07-08T19:01:03.337Z] <<< [apiv2][status] GET https://firebase.googleapis.com/v1beta1/operations/workflows/MGY2YmRlZGUtM2EzOS00MzEzLWE5OWUtNzhkYzMzOTMwZGI0 200
[debug] [2023-07-08T19:01:03.338Z] <<< [apiv2][body] GET https://firebase.googleapis.com/v1beta1/operations/workflows/MGY2YmRlZGUtM2EzOS00MzEzLWE5OWUtNzhkYzMzOTMwZGI0 {"name":"operations/workflows/MGY2YmRlZGUtM2EzOS00MzEzLWE5OWUtNzhkYzMzOTMwZGI0"}
[debug] [2023-07-08T19:01:03.845Z] [Add Firebase Poller] Retrying task index 0
[debug] [2023-07-08T19:01:03.846Z] >>> [apiv2][query] GET https://firebase.googleapis.com/v1beta1/operations/workflows/MGY2YmRlZGUtM2EzOS00MzEzLWE5OWUtNzhkYzMzOTMwZGI0 [none]
[debug] [2023-07-08T19:01:04.639Z] <<< [apiv2][status] GET https://firebase.googleapis.com/v1beta1/operations/workflows/MGY2YmRlZGUtM2EzOS00MzEzLWE5OWUtNzhkYzMzOTMwZGI0 200
[debug] [2023-07-08T19:01:04.640Z] <<< [apiv2][body] GET https://firebase.googleapis.com/v1beta1/operations/workflows/MGY2YmRlZGUtM2EzOS00MzEzLWE5OWUtNzhkYzMzOTMwZGI0 {"name":"operations/workflows/MGY2YmRlZGUtM2EzOS00MzEzLWE5OWUtNzhkYzMzOTMwZGI0"}
[debug] [2023-07-08T19:01:05.651Z] [Add Firebase Poller] Retrying task index 0
[debug] [2023-07-08T19:01:05.653Z] >>> [apiv2][query] GET https://firebase.googleapis.com/v1beta1/operations/workflows/MGY2YmRlZGUtM2EzOS00MzEzLWE5OWUtNzhkYzMzOTMwZGI0 [none]
[debug] [2023-07-08T19:01:06.287Z] <<< [apiv2][status] GET https://firebase.googleapis.com/v1beta1/operations/workflows/MGY2YmRlZGUtM2EzOS00MzEzLWE5OWUtNzhkYzMzOTMwZGI0 200
[debug] [2023-07-08T19:01:06.287Z] <<< [apiv2][body] GET https://firebase.googleapis.com/v1beta1/operations/workflows/MGY2YmRlZGUtM2EzOS00MzEzLWE5OWUtNzhkYzMzOTMwZGI0 {"name":"operations/workflows/MGY2YmRlZGUtM2EzOS00MzEzLWE5OWUtNzhkYzMzOTMwZGI0"}
[debug] [2023-07-08T19:01:08.302Z] [Add Firebase Poller] Retrying task index 0
[debug] [2023-07-08T19:01:08.302Z] >>> [apiv2][query] GET https://firebase.googleapis.com/v1beta1/operations/workflows/MGY2YmRlZGUtM2EzOS00MzEzLWE5OWUtNzhkYzMzOTMwZGI0 [none]
[debug] [2023-07-08T19:01:09.343Z] <<< [apiv2][status] GET https://firebase.googleapis.com/v1beta1/operations/workflows/MGY2YmRlZGUtM2EzOS00MzEzLWE5OWUtNzhkYzMzOTMwZGI0 200
[debug] [2023-07-08T19:01:09.343Z] <<< [apiv2][body] GET https://firebase.googleapis.com/v1beta1/operations/workflows/MGY2YmRlZGUtM2EzOS00MzEzLWE5OWUtNzhkYzMzOTMwZGI0 {"name":"operations/workflows/MGY2YmRlZGUtM2EzOS00MzEzLWE5OWUtNzhkYzMzOTMwZGI0"}
[debug] [2023-07-08T19:01:13.351Z] [Add Firebase Poller] Retrying task index 0
[debug] [2023-07-08T19:01:13.352Z] >>> [apiv2][query] GET https://firebase.googleapis.com/v1beta1/operations/workflows/MGY2YmRlZGUtM2EzOS00MzEzLWE5OWUtNzhkYzMzOTMwZGI0 [none]
[debug] [2023-07-08T19:01:13.983Z] <<< [apiv2][status] GET https://firebase.googleapis.com/v1beta1/operations/workflows/MGY2YmRlZGUtM2EzOS00MzEzLWE5OWUtNzhkYzMzOTMwZGI0 200
[debug] [2023-07-08T19:01:13.983Z] <<< [apiv2][body] GET https://firebase.googleapis.com/v1beta1/operations/workflows/MGY2YmRlZGUtM2EzOS00MzEzLWE5OWUtNzhkYzMzOTMwZGI0 {"name":"operations/workflows/MGY2YmRlZGUtM2EzOS00MzEzLWE5OWUtNzhkYzMzOTMwZGI0"}
[debug] [2023-07-08T19:01:21.993Z] [Add Firebase Poller] Retrying task index 0
[debug] [2023-07-08T19:01:21.997Z] >>> [apiv2][query] GET https://firebase.googleapis.com/v1beta1/operations/workflows/MGY2YmRlZGUtM2EzOS00MzEzLWE5OWUtNzhkYzMzOTMwZGI0 [none]
[debug] [2023-07-08T19:01:22.915Z] <<< [apiv2][status] GET https://firebase.googleapis.com/v1beta1/operations/workflows/MGY2YmRlZGUtM2EzOS00MzEzLWE5OWUtNzhkYzMzOTMwZGI0 200
[debug] [2023-07-08T19:01:22.915Z] <<< [apiv2][body] GET https://firebase.googleapis.com/v1beta1/operations/workflows/MGY2YmRlZGUtM2EzOS00MzEzLWE5OWUtNzhkYzMzOTMwZGI0 {"name":"operations/workflows/MGY2YmRlZGUtM2EzOS00MzEzLWE5OWUtNzhkYzMzOTMwZGI0","done":true,"response":{"@type":"type.googleapis.com/google.firebase.service.v1beta1.FirebaseProject","projectId":"luiz-dev-portfolio-svelte","projectNumber":"298747805831","displayName":"Luiz Dev Portfolio","name":"projects/luiz-dev-portfolio-svelte","resources":{"hostingSite":"luiz-dev-portfolio-svelte"}}}
[info] 
[info] === Your Firebase project is ready! ===
[info] 
[info] Project information:
[info]    - Project ID: luiz-dev-portfolio-svelte
[info]    - Project Name: Luiz Dev Portfolio
[info] 
[info] Firebase console is available at
[info] https://console.firebase.google.com/project/luiz-dev-portfolio-svelte/overview
[info] i  Using project luiz-dev-portfolio-svelte (Luiz Dev Portfolio) 
[info] 
=== Hosting Setup
[info] 
[info] Your public directory is the folder (relative to your project directory) that
[info] will contain Hosting assets to be uploaded with firebase deploy. If you
[info] have a build process for your assets, use your build's output directory.
[info] 
[debug] [2023-07-08T19:02:26.349Z] >>> [apiv2][query] GET https://www.gstatic.com/firebasejs/releases.json [none]
[debug] [2023-07-08T19:02:26.602Z] <<< [apiv2][status] GET https://www.gstatic.com/firebasejs/releases.json 200
[debug] [2023-07-08T19:02:26.603Z] <<< [apiv2][body] GET https://www.gstatic.com/firebasejs/releases.json {"current":{"version":"10.0.0","browserURL":"https://www.gstatic.com/firebasejs/10.0.0/firebase.js","packageURL":"https://www.gstatic.com/firebasejs/10.0.0/firebase.tgz"},"live":{"version":"10.0","browserURL":"https://www.gstatic.com/firebasejs/live/10.0/firebase.js","packageURL":"https://www.gstatic.com/firebasejs/live/10.0/firebase.tgz"},"components":{"analytics":"https://www.gstatic.com/firebasejs/10.0.0/firebase-analytics.js","app":"https://www.gstatic.com/firebasejs/10.0.0/firebase-app.js","app-check":"https://www.gstatic.com/firebasejs/10.0.0/firebase-app-check.js","auth":"https://www.gstatic.com/firebasejs/10.0.0/firebase-auth.js","auth/cordova":"https://www.gstatic.com/firebasejs/10.0.0/firebase-auth/cordova.js","functions":"https://www.gstatic.com/firebasejs/10.0.0/firebase-functions.js","firestore":"https://www.gstatic.com/firebasejs/10.0.0/firebase-firestore.js","firestore/lite":"https://www.gstatic.com/firebasejs/10.0.0/firebase-firestore/lite.js","installations":"https://www.gstatic.com/firebasejs/10.0.0/firebase-installations.js","storage":"https://www.gstatic.com/firebasejs/10.0.0/firebase-storage.js","performance":"https://www.gstatic.com/firebasejs/10.0.0/firebase-performance.js","remote-config":"https://www.gstatic.com/firebasejs/10.0.0/firebase-remote-config.js","messaging":"https://www.gstatic.com/firebasejs/10.0.0/firebase-messaging.js","messaging/sw":"https://www.gstatic.com/firebasejs/10.0.0/firebase-messaging/sw.js","database":"https://www.gstatic.com/firebasejs/10.0.0/firebase-database.js","firestore.memory":"https://www.gstatic.com/firebasejs/10.0.0/firebase-firestore.memory.js"}}
[info] +  Wrote public/index.html 
[info] 
[info] i  Detected a .git folder at H:\CODE_STUFF\Projetos\luiz-dev-portfolio-svelte 
[info] i  Authorizing with GitHub to upload your service account to a GitHub repository's secrets store. 
[info] 
[info] Visit this URL on this device to log in:
[info] https://github.com/login/oauth/authorize?client_id=89cf50f02ac6aaed3484&state=278546569&redirect_uri=http%3A%2F%2Flocalhost%3A9005&scope=read%3Auser%20repo%20public_repo
[info] 
[info] Waiting for authentication...
[debug] [2023-07-08T19:02:36.427Z] >>> [apiv2][query] POST https://github.com/login/oauth/access_token [none]
[debug] [2023-07-08T19:02:36.427Z] >>> [apiv2][body] POST https://github.com/login/oauth/access_token [stream]
[debug] [2023-07-08T19:02:36.766Z] <<< [apiv2][status] POST https://github.com/login/oauth/access_token 200
[debug] [2023-07-08T19:02:36.766Z] <<< [apiv2][body] POST https://github.com/login/oauth/access_token {"access_token":"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","token_type":"bearer","scope":"read:user,repo"}
[debug] [2023-07-08T19:02:36.772Z] >>> [apiv2][query] GET https://api.github.com/user [none]
[debug] [2023-07-08T19:02:37.158Z] <<< [apiv2][status] GET https://api.github.com/user 200
[debug] [2023-07-08T19:02:37.158Z] <<< [apiv2][body] GET https://api.github.com/user {"login":"luizcomparin","id":103137627,"node_id":"U_kgDOBiXBWw","avatar_url":"https://avatars.githubusercontent.com/u/103137627?v=4","gravatar_id":"","url":"https://api.github.com/users/luizcomparin","html_url":"https://github.com/luizcomparin","followers_url":"https://api.github.com/users/luizcomparin/followers","following_url":"https://api.github.com/users/luizcomparin/following{/other_user}","gists_url":"https://api.github.com/users/luizcomparin/gists{/gist_id}","starred_url":"https://api.github.com/users/luizcomparin/starred{/owner}{/repo}","subscriptions_url":"https://api.github.com/users/luizcomparin/subscriptions","organizations_url":"https://api.github.com/users/luizcomparin/orgs","repos_url":"https://api.github.com/users/luizcomparin/repos","events_url":"https://api.github.com/users/luizcomparin/events{/privacy}","received_events_url":"https://api.github.com/users/luizcomparin/received_events","type":"User","site_admin":false,"name":"Luiz Carlos Comparin","company":null,"blog":"","location":"Blumenau, Santa Catarina, Brazil","email":null,"hireable":null,"bio":"Fullstack WEB developer. Angular & SvelteKit.","twitter_username":null,"public_repos":4,"public_gists":0,"followers":1,"following":1,"created_at":"2022-04-06T17:07:40Z","updated_at":"2023-05-17T04:11:20Z","private_gists":0,"total_private_repos":2,"owned_private_repos":2,"disk_usage":11331,"collaborators":0,"two_factor_authentication":false,"plan":{"name":"free","space":976562499,"collaborators":0,"private_repos":10000}}
[info] 
[info] +  Success! Logged into GitHub as luizcomparin 
[info] 
